<?xml version="1.0" encoding="UTF-8"?>
<!-- Generated by org.testng.reporters.JUnitReportReporter -->
<testsuite hostname="Ajuzz-Slim-5" failures="0" tests="3" name="com.runners.RegistrationTestRunner" time="35.072" errors="0" timestamp="2025-03-19T01:00:21 IST" skipped="0">
  <testcase classname="com.runners.RegistrationTestRunner" name="runScenario" time="11.070"/>
  <system-out/>
  <testcase classname="com.runners.RegistrationTestRunner" name="runScenario" time="11.466"/>
  <system-out/>
  <testcase classname="com.runners.RegistrationTestRunner" name="runScenario" time="12.536"/>
  <system-out/>
</testsuite> <!-- com.runners.RegistrationTestRunner -->
