<?xml version="1.0" encoding="UTF-8"?>
<!-- Generated by org.testng.reporters.JUnitReportReporter -->
<testsuite hostname="Ajuzz-Slim-5" failures="0" tests="1" name="com.runners.OrderPlacementTestRunner" time="40.164" errors="0" timestamp="2025-03-19T01:00:21 IST" skipped="0">
  <testcase classname="com.runners.OrderPlacementTestRunner" name="runScenario" time="40.164"/>
  <system-out/>
</testsuite> <!-- com.runners.OrderPlacementTestRunner -->
