<?xml version="1.0" encoding="UTF-8"?>
<!-- Generated by org.testng.reporters.JUnitReportReporter -->
<testsuite hostname="Ajuzz-Slim-5" failures="0" tests="3" name="com.runners.ForgotPasswordTestRunner" time="25.437" errors="0" timestamp="2025-03-18T13:58:28 IST" skipped="0">
  <testcase classname="com.runners.ForgotPasswordTestRunner" name="runScenario" time="9.905"/>
  <system-out/>
  <testcase classname="com.runners.ForgotPasswordTestRunner" name="runScenario" time="7.996"/>
  <system-out/>
  <testcase classname="com.runners.ForgotPasswordTestRunner" name="runScenario" time="7.536"/>
  <system-out/>
</testsuite> <!-- com.runners.ForgotPasswordTestRunner -->
