<?xml version="1.0" encoding="UTF-8"?>
<!-- Generated by org.testng.reporters.JUnitReportReporter -->
<testsuite hostname="Ajuzz-Slim-5" failures="0" tests="1" name="com.runners.AdvancedSearchTestRunner" time="11.369" errors="0" timestamp="2025-03-18T13:58:28 IST" skipped="0">
  <testcase classname="com.runners.AdvancedSearchTestRunner" name="runScenario" time="11.369"/>
  <system-out/>
</testsuite> <!-- com.runners.AdvancedSearchTestRunner -->
