<?xml version="1.0" encoding="UTF-8"?>
<!-- Generated by org.testng.reporters.JUnitReportReporter -->
<testsuite hostname="Ajuzz-Slim-5" failures="0" tests="2" name="com.runners.SearchFilterTestRunner" time="26.322" errors="0" timestamp="2025-03-19T01:00:21 IST" skipped="0">
  <testcase classname="com.runners.SearchFilterTestRunner" name="runScenario" time="11.906"/>
  <system-out/>
  <testcase classname="com.runners.SearchFilterTestRunner" name="runScenario" time="14.416"/>
  <system-out/>
</testsuite> <!-- com.runners.SearchFilterTestRunner -->
