<?xml version="1.0" encoding="UTF-8"?>
<!-- Generated by org.testng.reporters.JUnitReportReporter -->
<testsuite hostname="Ajuzz-Slim-5" failures="0" tests="3" name="com.runners.RegistrationTestRunner" time="39.558" errors="0" timestamp="2025-03-19T00:40:32 IST" skipped="0">
  <testcase classname="com.runners.RegistrationTestRunner" name="runScenario" time="9.218"/>
  <system-out/>
  <testcase classname="com.runners.RegistrationTestRunner" name="runScenario" time="16.022"/>
  <system-out/>
  <testcase classname="com.runners.RegistrationTestRunner" name="runScenario" time="14.318"/>
  <system-out/>
</testsuite> <!-- com.runners.RegistrationTestRunner -->
