<?xml version="1.0" encoding="UTF-8"?>
<!-- Generated by org.testng.reporters.JUnitReportReporter -->
<testsuite hostname="Ajuzz-Slim-5" failures="0" tests="1" name="com.runners.ShoppingCartTestRunner" time="18.370" errors="0" timestamp="2025-03-18T13:58:28 IST" skipped="0">
  <testcase classname="com.runners.ShoppingCartTestRunner" name="runScenario" time="18.370"/>
  <system-out/>
</testsuite> <!-- com.runners.ShoppingCartTestRunner -->
