<?xml version="1.0" encoding="UTF-8"?>
<!-- Generated by org.testng.reporters.JUnitReportReporter -->
<testsuite hostname="Ajuzz-Slim-5" failures="0" tests="2" name="com.runners.LoginTestRunner" time="25.224" errors="0" timestamp="2025-03-19T01:00:21 IST" skipped="0">
  <testcase classname="com.runners.LoginTestRunner" name="runScenario" time="9.793"/>
  <system-out/>
  <testcase classname="com.runners.LoginTestRunner" name="runScenario" time="15.431"/>
  <system-out/>
</testsuite> <!-- com.runners.LoginTestRunner -->
