<?xml version="1.0" encoding="UTF-8"?>
<!-- Generated by org.testng.reporters.JUnitReportReporter -->
<testsuite hostname="Ajuzz-Slim-5" failures="0" tests="3" name="com.runners.ForgotPasswordTestRunner" time="32.187" errors="0" timestamp="2025-03-19T01:00:21 IST" skipped="0">
  <testcase classname="com.runners.ForgotPasswordTestRunner" name="runScenario" time="11.082"/>
  <system-out/>
  <testcase classname="com.runners.ForgotPasswordTestRunner" name="runScenario" time="10.189"/>
  <system-out/>
  <testcase classname="com.runners.ForgotPasswordTestRunner" name="runScenario" time="10.916"/>
  <system-out/>
</testsuite> <!-- com.runners.ForgotPasswordTestRunner -->
