<?xml version="1.0" encoding="UTF-8"?>
<!-- Generated by org.testng.reporters.JUnitReportReporter -->
<testsuite hostname="Ajuzz-Slim-5" failures="0" tests="2" name="com.runners.HomePageTestRunner" time="17.278" errors="0" timestamp="2025-03-18T13:58:28 IST" skipped="0">
  <testcase classname="com.runners.HomePageTestRunner" name="runScenario" time="7.858"/>
  <system-out/>
  <testcase classname="com.runners.HomePageTestRunner" name="runScenario" time="9.420"/>
  <system-out/>
</testsuite> <!-- com.runners.HomePageTestRunner -->
